masteringnova is not in the sudoers file.  This incident will be reported.
masteringnova is not in the sudoers file.  This incident will be reported.
masteringnova is not in the sudoers file.  This incident will be reported.
masteringnova is not in the sudoers file.  This incident will be reported.
masteringnova is not in the sudoers file.  This incident will be reported.
masteringnova is not in the sudoers file.  This incident will be reported.
masteringnova is not in the sudoers file.  This incident will be reported.
masteringnova is not in the sudoers file.  This incident will be reported.
masteringnova is not in the sudoers file.  This incident will be reported.
masteringnova is not in the sudoers file.  This incident will be reported.
masteringnova is not in the sudoers file.  This incident will be reported.
masteringnova is not in the sudoers file.  This incident will be reported.
[2021-04-01 19:45:12][7] Processing: App\Mail\ResetYourPassword
[2021-04-01 19:45:13][7] Processed:  App\Mail\ResetYourPassword
[2021-04-01 23:06:29][8] Processing: App\Mail\ThankYouForPurchasing
[2021-04-01 23:06:30][8] Processed:  App\Mail\ThankYouForPurchasing
[2021-04-01 23:08:24][9] Processing: App\Mail\ResetYourPassword
[2021-04-01 23:08:25][9] Processed:  App\Mail\ResetYourPassword
[2021-04-05 18:43:19][10] Processing: App\Mail\ResetYourPassword
[2021-04-05 18:43:20][10] Processed:  App\Mail\ResetYourPassword
[2021-04-06 13:53:18][11] Processing: App\Mail\ResetYourPassword
[2021-04-06 13:53:18][11] Processed:  App\Mail\ResetYourPassword
[2021-04-08 13:56:00][12] Processing: App\Mail\ResetYourPassword
[2021-04-08 13:56:01][12] Processed:  App\Mail\ResetYourPassword
[2021-04-13 11:42:23][13] Processing: App\Mail\ThankYouForPurchasing
[2021-04-13 11:42:24][13] Processed:  App\Mail\ThankYouForPurchasing
[2021-04-18 08:06:04][14] Processing: App\Mail\ThankYouForPurchasing
[2021-04-18 08:06:05][14] Processed:  App\Mail\ThankYouForPurchasing
[2021-04-19 19:14:02][15] Processing: App\Mail\ThankYouForPurchasing
[2021-04-19 19:14:03][15] Processed:  App\Mail\ThankYouForPurchasing
[2021-04-27 20:05:15][16] Processing: App\Mail\ThankYouForPurchasing
[2021-04-27 20:05:16][16] Processed:  App\Mail\ThankYouForPurchasing
[2021-04-28 00:21:32][17] Processing: App\Mail\ThankYouForPurchasing
[2021-04-28 00:21:33][17] Processed:  App\Mail\ThankYouForPurchasing
[2021-04-28 19:33:39][18] Processing: App\Mail\ThankYouForPurchasing
[2021-04-28 19:33:40][18] Processed:  App\Mail\ThankYouForPurchasing
[2021-04-29 18:25:59][19] Processing: App\Mail\ThankYouForPurchasing
[2021-04-29 18:26:00][19] Processed:  App\Mail\ThankYouForPurchasing
[2021-05-04 12:26:07][20] Processing: App\Mail\ResetYourPassword
[2021-05-04 12:26:08][20] Processed:  App\Mail\ResetYourPassword
[2021-05-05 20:52:02][21] Processing: App\Mail\ThankYouForPurchasing
[2021-05-05 20:52:03][21] Processed:  App\Mail\ThankYouForPurchasing
[2021-05-14 05:42:42][22] Processing: App\Mail\ThankYouForPurchasing
[2021-05-14 05:42:43][22] Processed:  App\Mail\ThankYouForPurchasing
[2021-05-14 23:34:17][23] Processing: App\Mail\ThankYouForPurchasing
[2021-05-14 23:34:18][23] Processed:  App\Mail\ThankYouForPurchasing
[2021-05-16 07:55:43][24] Processing: App\Mail\ResetYourPassword
[2021-05-16 07:55:44][24] Processed:  App\Mail\ResetYourPassword
[2021-05-18 16:23:05][25] Processing: App\Mail\ThankYouForPurchasing
[2021-05-18 16:23:06][25] Processed:  App\Mail\ThankYouForPurchasing
[2021-05-29 15:47:23][26] Processing: App\Mail\ThankYouForPurchasing
[2021-05-29 15:47:24][26] Processed:  App\Mail\ThankYouForPurchasing
[2021-05-29 22:08:49][27] Processing: App\Mail\ThankYouForPurchasing
[2021-05-29 22:08:50][27] Processed:  App\Mail\ThankYouForPurchasing
[2021-06-09 17:36:38][28] Processing: App\Mail\ThankYouForPurchasing
[2021-06-09 17:36:39][28] Processed:  App\Mail\ThankYouForPurchasing
[2021-06-15 12:11:16][29] Processing: App\Mail\ThankYouForPurchasing
[2021-06-15 12:11:16][29] Processed:  App\Mail\ThankYouForPurchasing
[2021-06-16 21:38:16][30] Processing: App\Mail\ThankYouForPurchasing
[2021-06-16 21:38:17][30] Processed:  App\Mail\ThankYouForPurchasing
[2021-06-29 16:36:56][31] Processing: App\Mail\ResetYourPassword
[2021-06-29 16:36:57][31] Processed:  App\Mail\ResetYourPassword
[2021-07-01 16:11:50][32] Processing: App\Mail\ThankYouForPurchasing
[2021-07-01 16:11:50][32] Processed:  App\Mail\ThankYouForPurchasing
[2021-07-06 15:41:25][33] Processing: App\Mail\ResetYourPassword
[2021-07-06 15:41:26][33] Processed:  App\Mail\ResetYourPassword
[2021-07-08 08:52:02][34] Processing: App\Mail\ThankYouForPurchasing
[2021-07-08 08:52:03][34] Processed:  App\Mail\ThankYouForPurchasing
[2021-07-08 12:54:00][35] Processing: App\Mail\ThankYouForPurchasing
[2021-07-08 12:54:01][35] Processed:  App\Mail\ThankYouForPurchasing
sudo: Account or password is expired, reset your password and try again
Changing password for root.
sudo: no tty present and no askpass program specified
sudo: unable to change expired password: Authentication token manipulation error
sudo: Account or password is expired, reset your password and try again
Changing password for root.
sudo: no tty present and no askpass program specified
sudo: unable to change expired password: Authentication token manipulation error
sudo: Account or password is expired, reset your password and try again
Changing password for root.
sudo: no tty present and no askpass program specified
sudo: unable to change expired password: Authentication token manipulation error
sudo: Account or password is expired, reset your password and try again
Changing password for root.
sudo: no tty present and no askpass program specified
sudo: unable to change expired password: Authentication token manipulation error
[2021-07-13 14:19:02][36] Processing: App\Mail\ThankYouForPurchasing
[2021-07-13 14:19:03][36] Processed:  App\Mail\ThankYouForPurchasing
[2021-07-29 05:11:38][37] Processing: App\Mail\ThankYouForPurchasing
[2021-07-29 05:11:39][37] Processed:  App\Mail\ThankYouForPurchasing
[2021-08-01 07:42:25][38] Processing: App\Mail\ResetYourPassword
[2021-08-01 07:42:26][38] Processed:  App\Mail\ResetYourPassword
[2021-08-02 15:15:11][39] Processing: App\Mail\ResetYourPassword
[2021-08-02 15:15:15][39] Processed:  App\Mail\ResetYourPassword
[2021-08-02 16:16:22][40] Processing: App\Mail\ResetYourPassword
[2021-08-02 16:16:23][40] Processed:  App\Mail\ResetYourPassword
[2021-08-02 16:16:44][41] Processing: App\Mail\ResetYourPassword
[2021-08-02 16:16:45][41] Processed:  App\Mail\ResetYourPassword
[2021-08-04 21:53:48][42] Processing: App\Mail\ThankYouForPurchasing
[2021-08-04 21:53:49][42] Processed:  App\Mail\ThankYouForPurchasing
[2021-08-11 16:16:27][43] Processing: App\Mail\ThankYouForPurchasing
[2021-08-11 16:16:27][43] Processed:  App\Mail\ThankYouForPurchasing
[2021-08-12 06:36:54][44] Processing: App\Mail\ThankYouForPurchasing
[2021-08-12 06:36:55][44] Processed:  App\Mail\ThankYouForPurchasing
[2021-08-14 02:45:15][45] Processing: App\Mail\ThankYouForPurchasing
[2021-08-14 02:45:16][45] Processed:  App\Mail\ThankYouForPurchasing
[2021-08-19 00:00:22][46] Processing: App\Mail\ThankYouForPurchasing
[2021-08-19 00:00:23][46] Processed:  App\Mail\ThankYouForPurchasing
[2021-08-19 16:50:53][47] Processing: App\Mail\ResetYourPassword
[2021-08-19 16:50:54][47] Processed:  App\Mail\ResetYourPassword
[2021-08-24 20:23:53][48] Processing: App\Mail\ThankYouForPurchasing
[2021-08-24 20:23:54][48] Processed:  App\Mail\ThankYouForPurchasing
[2021-09-15 15:56:06][49] Processing: App\Mail\ResetYourPassword
[2021-09-15 15:56:07][49] Processed:  App\Mail\ResetYourPassword
[2021-09-22 01:55:50][50] Processing: App\Mail\ThankYouForPurchasing
[2021-09-22 01:55:51][50] Processed:  App\Mail\ThankYouForPurchasing
[2021-09-22 15:43:33][51] Processing: App\Mail\ThankYouForPurchasing
[2021-09-22 15:43:34][51] Processed:  App\Mail\ThankYouForPurchasing
[2021-09-22 18:43:47][52] Processing: App\Mail\ResetYourPassword
[2021-09-22 18:43:48][52] Processed:  App\Mail\ResetYourPassword
[2021-09-22 18:46:06][53] Processing: App\Mail\ResetYourPassword
[2021-09-22 18:46:06][53] Processed:  App\Mail\ResetYourPassword
[2021-09-23 19:09:10][54] Processing: App\Mail\ThankYouForPurchasing
[2021-09-23 19:09:11][54] Processed:  App\Mail\ThankYouForPurchasing
[2021-10-01 12:22:45][55] Processing: App\Mail\ThankYouForPurchasing
[2021-10-01 12:22:46][55] Processed:  App\Mail\ThankYouForPurchasing
[2021-10-01 23:14:50][56] Processing: App\Mail\ThankYouForPurchasing
[2021-10-01 23:14:51][56] Processed:  App\Mail\ThankYouForPurchasing
[2021-10-02 11:22:55][57] Processing: App\Mail\ResetYourPassword
[2021-10-02 11:22:56][57] Processed:  App\Mail\ResetYourPassword
[2021-10-08 00:52:38][58] Processing: App\Mail\ThankYouForPurchasing
[2021-10-08 00:52:39][58] Processed:  App\Mail\ThankYouForPurchasing
[2021-10-11 16:11:16][59] Processing: App\Mail\ThankYouForPurchasing
[2021-10-11 16:11:17][59] Processed:  App\Mail\ThankYouForPurchasing
[2021-10-15 15:22:23][60] Processing: App\Mail\ResetYourPassword
[2021-10-15 15:22:24][60] Processed:  App\Mail\ResetYourPassword
[2021-10-15 17:24:38][61] Processing: App\Mail\ResetYourPassword
[2021-10-15 17:24:39][61] Processed:  App\Mail\ResetYourPassword
[2021-10-18 06:17:58][62] Processing: App\Mail\ThankYouForPurchasing
[2021-10-18 06:17:59][62] Processed:  App\Mail\ThankYouForPurchasing
[2021-10-18 18:49:37][63] Processing: App\Mail\ResetYourPassword
[2021-10-18 18:49:38][63] Processed:  App\Mail\ResetYourPassword
[2021-10-18 21:07:05][64] Processing: App\Mail\ResetYourPassword
[2021-10-18 21:07:06][64] Processed:  App\Mail\ResetYourPassword
[2021-10-19 18:43:14][65] Processing: App\Mail\ResetYourPassword
[2021-10-19 18:43:15][65] Processed:  App\Mail\ResetYourPassword
[2021-10-23 05:49:25][66] Processing: App\Mail\ResetYourPassword
[2021-10-23 05:49:26][66] Processed:  App\Mail\ResetYourPassword
[2021-10-25 10:41:20][67] Processing: App\Mail\ThankYouForPurchasing
[2021-10-25 10:41:21][67] Processed:  App\Mail\ThankYouForPurchasing
[2021-10-28 22:08:21][68] Processing: App\Mail\ThankYouForPurchasing
[2021-10-28 22:08:22][68] Processed:  App\Mail\ThankYouForPurchasing
[2021-11-02 15:16:47][69] Processing: App\Mail\ThankYouForPurchasing
[2021-11-02 15:16:48][69] Processed:  App\Mail\ThankYouForPurchasing
[2021-11-02 15:41:28][70] Processing: App\Mail\ResetYourPassword
[2021-11-02 15:41:28][70] Processed:  App\Mail\ResetYourPassword
[2021-11-04 10:37:41][71] Processing: App\Mail\ThankYouForPurchasing
[2021-11-04 10:37:42][71] Processed:  App\Mail\ThankYouForPurchasing
[2021-11-04 10:39:36][72] Processing: App\Mail\ResetYourPassword
[2021-11-04 10:39:36][72] Processed:  App\Mail\ResetYourPassword
[2021-11-05 16:19:04][73] Processing: App\Mail\ThankYouForPurchasing
[2021-11-05 16:19:05][73] Processed:  App\Mail\ThankYouForPurchasing
[2021-11-19 02:48:09][74] Processing: App\Mail\ResetYourPassword
[2021-11-19 02:48:09][74] Processed:  App\Mail\ResetYourPassword
[2021-11-23 12:49:25][75] Processing: App\Mail\ThankYouForPurchasing
[2021-11-23 12:49:25][75] Processed:  App\Mail\ThankYouForPurchasing
[2021-11-23 17:51:50][76] Processing: App\Mail\ThankYouForPurchasing
[2021-11-23 17:51:51][76] Processed:  App\Mail\ThankYouForPurchasing
[2021-11-23 21:09:35][77] Processing: App\Mail\ThankYouForPurchasing
[2021-11-23 21:09:36][77] Processed:  App\Mail\ThankYouForPurchasing
[2021-11-24 03:51:53][78] Processing: App\Mail\ThankYouForPurchasing
[2021-11-24 03:51:54][78] Processed:  App\Mail\ThankYouForPurchasing
[2021-11-24 04:02:38][79] Processing: App\Mail\ResetYourPassword
[2021-11-24 04:02:38][79] Processed:  App\Mail\ResetYourPassword
[2021-11-24 20:14:55][80] Processing: App\Mail\ThankYouForPurchasing
[2021-11-24 20:14:56][80] Processed:  App\Mail\ThankYouForPurchasing
[2021-11-24 20:31:09][81] Processing: App\Mail\ThankYouForPurchasing
[2021-11-24 20:31:09][81] Processed:  App\Mail\ThankYouForPurchasing
[2021-11-24 20:35:09][82] Processing: App\Mail\ResetYourPassword
[2021-11-24 20:35:10][82] Processed:  App\Mail\ResetYourPassword
[2021-11-24 23:20:58][83] Processing: App\Mail\ThankYouForPurchasing
[2021-11-24 23:20:59][83] Processed:  App\Mail\ThankYouForPurchasing
[2021-11-25 03:30:52][84] Processing: App\Mail\ThankYouForPurchasing
[2021-11-25 03:30:53][84] Processed:  App\Mail\ThankYouForPurchasing
[2021-11-25 04:50:00][85] Processing: App\Mail\ThankYouForPurchasing
[2021-11-25 04:50:00][85] Processed:  App\Mail\ThankYouForPurchasing
[2021-11-25 08:04:16][86] Processing: App\Mail\ThankYouForPurchasing
[2021-11-25 08:04:17][86] Processed:  App\Mail\ThankYouForPurchasing
[2021-11-25 08:57:42][87] Processing: App\Mail\ThankYouForPurchasing
[2021-11-25 08:57:43][87] Processed:  App\Mail\ThankYouForPurchasing
[2021-11-25 12:39:17][88] Processing: App\Mail\ThankYouForPurchasing
[2021-11-25 12:39:18][88] Processed:  App\Mail\ThankYouForPurchasing
[2021-11-25 12:49:30][89] Processing: App\Mail\ThankYouForPurchasing
[2021-11-25 12:49:31][89] Processed:  App\Mail\ThankYouForPurchasing
[2021-11-25 15:18:53][90] Processing: App\Mail\ThankYouForPurchasing
[2021-11-25 15:18:53][90] Processed:  App\Mail\ThankYouForPurchasing
[2021-11-25 17:07:27][91] Processing: App\Mail\ThankYouForPurchasing
[2021-11-25 17:07:28][91] Processed:  App\Mail\ThankYouForPurchasing
[2021-11-25 21:11:00][92] Processing: App\Mail\ThankYouForPurchasing
[2021-11-25 21:11:01][92] Processed:  App\Mail\ThankYouForPurchasing
[2021-11-25 21:21:28][93] Processing: App\Mail\ThankYouForPurchasing
[2021-11-25 21:21:29][93] Processed:  App\Mail\ThankYouForPurchasing
[2021-11-26 00:48:41][94] Processing: App\Mail\ThankYouForPurchasing
[2021-11-26 00:48:41][94] Processed:  App\Mail\ThankYouForPurchasing
[2021-11-26 09:18:27][95] Processing: App\Mail\ThankYouForPurchasing
[2021-11-26 09:18:28][95] Processed:  App\Mail\ThankYouForPurchasing
[2021-11-26 11:32:11][96] Processing: App\Mail\ThankYouForPurchasing
[2021-11-26 11:32:12][96] Processed:  App\Mail\ThankYouForPurchasing
[2021-11-26 11:44:30][97] Processing: App\Mail\ThankYouForPurchasing
[2021-11-26 11:44:31][97] Processed:  App\Mail\ThankYouForPurchasing
[2021-11-26 16:01:56][98] Processing: App\Mail\ThankYouForPurchasing
[2021-11-26 16:01:57][98] Processed:  App\Mail\ThankYouForPurchasing
[2021-11-26 22:36:13][99] Processing: App\Mail\ThankYouForPurchasing
[2021-11-26 22:36:13][99] Processed:  App\Mail\ThankYouForPurchasing
[2021-11-27 07:54:16][100] Processing: App\Mail\ThankYouForPurchasing
[2021-11-27 07:54:17][100] Processed:  App\Mail\ThankYouForPurchasing
[2021-11-28 10:52:03][101] Processing: App\Mail\ThankYouForPurchasing
[2021-11-28 10:52:03][101] Processed:  App\Mail\ThankYouForPurchasing
[2021-11-28 15:06:12][102] Processing: App\Mail\ThankYouForPurchasing
[2021-11-28 15:06:13][102] Processed:  App\Mail\ThankYouForPurchasing
[2021-11-29 18:15:09][103] Processing: App\Mail\ThankYouForPurchasing
[2021-11-29 18:15:10][103] Processed:  App\Mail\ThankYouForPurchasing
[2021-11-30 00:08:06][104] Processing: App\Mail\ThankYouForPurchasing
[2021-11-30 00:08:06][104] Processed:  App\Mail\ThankYouForPurchasing
[2021-11-30 22:40:24][105] Processing: App\Mail\ThankYouForPurchasing
[2021-11-30 22:40:25][105] Processed:  App\Mail\ThankYouForPurchasing
[2021-12-01 05:12:32][106] Processing: App\Mail\ThankYouForPurchasing
[2021-12-01 05:12:33][106] Processed:  App\Mail\ThankYouForPurchasing
[2021-12-01 06:50:29][107] Processing: App\Mail\ThankYouForPurchasing
[2021-12-01 06:50:29][107] Processed:  App\Mail\ThankYouForPurchasing
[2021-12-01 08:05:41][108] Processing: App\Mail\ResetYourPassword
[2021-12-01 08:05:42][108] Processed:  App\Mail\ResetYourPassword
[2021-12-01 23:07:45][109] Processing: App\Mail\ThankYouForPurchasing
[2021-12-01 23:07:46][109] Processed:  App\Mail\ThankYouForPurchasing
[2021-12-02 04:22:38][110] Processing: App\Mail\ThankYouForPurchasing
[2021-12-02 04:22:39][110] Processed:  App\Mail\ThankYouForPurchasing
[2021-12-02 07:22:49][111] Processing: App\Mail\ThankYouForPurchasing
[2021-12-02 07:22:51][111] Processed:  App\Mail\ThankYouForPurchasing
[2021-12-02 18:14:06][112] Processing: App\Mail\ThankYouForPurchasing
[2021-12-02 18:14:07][112] Processed:  App\Mail\ThankYouForPurchasing
[2021-12-06 16:41:16][113] Processing: App\Mail\ThankYouForPurchasing
[2021-12-06 16:41:16][113] Processed:  App\Mail\ThankYouForPurchasing
[2021-12-06 22:55:09][114] Processing: App\Mail\ThankYouForPurchasing
[2021-12-06 22:55:10][114] Processed:  App\Mail\ThankYouForPurchasing
[2021-12-07 10:04:43][115] Processing: App\Mail\ResetYourPassword
[2021-12-07 10:04:43][115] Processed:  App\Mail\ResetYourPassword
[2021-12-10 10:48:00][116] Processing: App\Mail\ResetYourPassword
[2021-12-10 10:48:01][116] Processed:  App\Mail\ResetYourPassword
[2021-12-11 15:47:23][117] Processing: App\Mail\ResetYourPassword
[2021-12-11 15:47:24][117] Processed:  App\Mail\ResetYourPassword
[2021-12-13 22:48:51][118] Processing: App\Mail\ThankYouForPurchasing
[2021-12-13 22:48:52][118] Processed:  App\Mail\ThankYouForPurchasing
[2021-12-14 01:00:41][119] Processing: App\Mail\ThankYouForPurchasing
[2021-12-14 01:00:42][119] Processed:  App\Mail\ThankYouForPurchasing
[2021-12-18 01:10:33][120] Processing: App\Mail\ThankYouForPurchasing
[2021-12-18 01:10:33][120] Processed:  App\Mail\ThankYouForPurchasing
[2021-12-18 11:28:40][121] Processing: App\Mail\ResetYourPassword
[2021-12-18 11:28:40][121] Processed:  App\Mail\ResetYourPassword
[2021-12-20 15:03:41][122] Processing: App\Mail\ThankYouForPurchasing
[2021-12-20 15:03:41][122] Processed:  App\Mail\ThankYouForPurchasing
[2021-12-20 15:59:22][123] Processing: App\Mail\ThankYouForPurchasing
[2021-12-20 15:59:23][123] Processed:  App\Mail\ThankYouForPurchasing
[2021-12-21 23:33:29][124] Processing: App\Mail\ThankYouForPurchasing
[2021-12-21 23:33:30][124] Processed:  App\Mail\ThankYouForPurchasing
[2021-12-21 23:47:24][125] Processing: App\Mail\ThankYouForPurchasing
[2021-12-21 23:47:25][125] Processed:  App\Mail\ThankYouForPurchasing
[2021-12-22 02:16:40][126] Processing: App\Mail\ThankYouForPurchasing
[2021-12-22 02:16:41][126] Processed:  App\Mail\ThankYouForPurchasing
[2021-12-27 17:20:47][127] Processing: App\Mail\ThankYouForPurchasing
[2021-12-27 17:20:48][127] Processed:  App\Mail\ThankYouForPurchasing
[2021-12-29 20:58:26][128] Processing: App\Mail\ThankYouForPurchasing
[2021-12-29 20:58:27][128] Processed:  App\Mail\ThankYouForPurchasing
[2022-01-04 13:42:12][129] Processing: App\Mail\ThankYouForPurchasing
[2022-01-04 13:42:13][129] Processed:  App\Mail\ThankYouForPurchasing
[2022-01-06 22:32:04][130] Processing: App\Mail\ResetYourPassword
[2022-01-06 22:32:04][130] Processed:  App\Mail\ResetYourPassword
[2022-01-10 12:41:45][131] Processing: App\Mail\ResetYourPassword
[2022-01-10 12:41:46][131] Processed:  App\Mail\ResetYourPassword
[2022-01-10 16:07:22][132] Processing: App\Mail\ThankYouForPurchasing
[2022-01-10 16:07:23][132] Processed:  App\Mail\ThankYouForPurchasing
[2022-01-11 14:43:34][133] Processing: App\Mail\ResetYourPassword
[2022-01-11 14:43:34][133] Processed:  App\Mail\ResetYourPassword
[2022-01-11 15:10:55][134] Processing: App\Mail\ThankYouForPurchasing
[2022-01-11 15:10:56][134] Processed:  App\Mail\ThankYouForPurchasing
[2022-01-11 15:12:08][135] Processing: App\Mail\ResetYourPassword
[2022-01-11 15:12:08][135] Processed:  App\Mail\ResetYourPassword
[2022-01-17 17:13:32][136] Processing: App\Mail\ThankYouForPurchasing
[2022-01-17 17:13:33][136] Processed:  App\Mail\ThankYouForPurchasing
[2022-01-31 18:34:17][137] Processing: App\Mail\ResetYourPassword
[2022-01-31 18:34:18][137] Processed:  App\Mail\ResetYourPassword
[2022-02-03 11:27:53][138] Processing: App\Mail\ThankYouForPurchasing
[2022-02-03 11:27:54][138] Processed:  App\Mail\ThankYouForPurchasing
[2022-02-04 21:43:47][139] Processing: App\Mail\ResetYourPassword
[2022-02-04 21:43:47][139] Processed:  App\Mail\ResetYourPassword
[2022-02-10 14:01:46][140] Processing: App\Mail\ThankYouForPurchasing
[2022-02-10 14:01:47][140] Processed:  App\Mail\ThankYouForPurchasing
[2022-02-13 14:17:07][141] Processing: App\Mail\ThankYouForPurchasing
[2022-02-13 14:17:08][141] Processed:  App\Mail\ThankYouForPurchasing
[2022-02-14 13:42:51][142] Processing: App\Mail\ThankYouForPurchasing
[2022-02-14 13:42:52][142] Processed:  App\Mail\ThankYouForPurchasing
[2022-02-16 04:58:03][143] Processing: App\Mail\ThankYouForPurchasing
[2022-02-16 04:58:04][143] Processed:  App\Mail\ThankYouForPurchasing
[2022-02-21 15:31:15][144] Processing: App\Mail\ThankYouForPurchasing
[2022-02-21 15:31:15][144] Processed:  App\Mail\ThankYouForPurchasing
[2022-02-21 15:43:34][145] Processing: App\Mail\ThankYouForPurchasing
[2022-02-21 15:43:34][145] Processed:  App\Mail\ThankYouForPurchasing
[2022-02-24 06:01:09][146] Processing: App\Mail\ResetYourPassword
[2022-02-24 06:01:10][146] Processed:  App\Mail\ResetYourPassword
[2022-02-24 06:02:04][147] Processing: App\Mail\ResetYourPassword
[2022-02-24 06:02:05][147] Processed:  App\Mail\ResetYourPassword
[2022-03-03 04:53:46][148] Processing: App\Mail\ThankYouForPurchasing
[2022-03-03 04:53:46][148] Processed:  App\Mail\ThankYouForPurchasing
[2022-03-03 17:37:02][149] Processing: App\Mail\ThankYouForPurchasing
[2022-03-03 17:37:03][149] Processed:  App\Mail\ThankYouForPurchasing
[2022-03-05 18:07:03][150] Processing: App\Mail\ThankYouForPurchasing
[2022-03-05 18:07:04][150] Processed:  App\Mail\ThankYouForPurchasing
[2022-03-07 10:26:18][151] Processing: App\Mail\ResetYourPassword
[2022-03-07 10:26:19][151] Processed:  App\Mail\ResetYourPassword
[2022-03-08 07:50:00][152] Processing: App\Mail\ThankYouForPurchasing
[2022-03-08 07:50:01][152] Processed:  App\Mail\ThankYouForPurchasing
[2022-03-09 12:57:15][153] Processing: App\Mail\ThankYouForPurchasing
[2022-03-09 12:57:16][153] Processed:  App\Mail\ThankYouForPurchasing
[2022-03-11 16:24:25][154] Processing: App\Mail\ThankYouForPurchasing
[2022-03-11 16:24:26][154] Processed:  App\Mail\ThankYouForPurchasing
[2022-03-14 11:58:22][155] Processing: App\Mail\ThankYouForPurchasing
[2022-03-14 11:58:23][155] Processed:  App\Mail\ThankYouForPurchasing
[2022-03-17 21:56:34][156] Processing: App\Mail\ThankYouForPurchasing
[2022-03-17 21:56:35][156] Processed:  App\Mail\ThankYouForPurchasing
[2022-03-17 21:59:05][157] Processing: App\Mail\ResetYourPassword
[2022-03-17 21:59:06][157] Processed:  App\Mail\ResetYourPassword
[2022-03-21 10:07:52][158] Processing: App\Mail\ResetYourPassword
[2022-03-21 10:07:53][158] Processed:  App\Mail\ResetYourPassword
[2022-03-23 10:52:14][159] Processing: App\Mail\ThankYouForPurchasing
[2022-03-23 10:52:15][159] Processed:  App\Mail\ThankYouForPurchasing
[2022-04-02 12:51:30][160] Processing: App\Mail\ThankYouForPurchasing
[2022-04-02 12:51:31][160] Processed:  App\Mail\ThankYouForPurchasing
[2022-04-03 17:16:12][161] Processing: App\Mail\ResetYourPassword
[2022-04-03 17:16:13][161] Processed:  App\Mail\ResetYourPassword
[2022-04-05 06:41:43][162] Processing: App\Mail\ThankYouForPurchasing
[2022-04-05 06:41:43][162] Processed:  App\Mail\ThankYouForPurchasing
[2022-04-05 22:22:17][163] Processing: App\Mail\ThankYouForPurchasing
[2022-04-05 22:22:18][163] Processed:  App\Mail\ThankYouForPurchasing
[2022-04-06 21:03:58][164] Processing: App\Mail\ResetYourPassword
[2022-04-06 21:03:59][164] Processed:  App\Mail\ResetYourPassword
[2022-04-08 01:44:38][165] Processing: App\Mail\ThankYouForPurchasing
[2022-04-08 01:44:39][165] Processed:  App\Mail\ThankYouForPurchasing
[2022-04-08 17:07:50][166] Processing: App\Mail\ThankYouForPurchasing
[2022-04-08 17:07:51][166] Processed:  App\Mail\ThankYouForPurchasing
[2022-04-08 18:55:14][167] Processing: App\Mail\ThankYouForPurchasing
[2022-04-08 18:55:15][167] Processed:  App\Mail\ThankYouForPurchasing
[2022-04-10 03:31:19][168] Processing: App\Mail\ThankYouForPurchasing
[2022-04-10 03:31:20][168] Processed:  App\Mail\ThankYouForPurchasing
[2022-04-11 03:52:57][169] Processing: App\Mail\ThankYouForPurchasing
[2022-04-11 03:52:58][169] Processed:  App\Mail\ThankYouForPurchasing
[2022-04-11 13:38:27][170] Processing: App\Mail\ThankYouForPurchasing
[2022-04-11 13:38:28][170] Processed:  App\Mail\ThankYouForPurchasing
[2022-04-13 04:09:07][171] Processing: App\Mail\ThankYouForPurchasing
[2022-04-13 04:09:08][171] Processed:  App\Mail\ThankYouForPurchasing
[2022-04-13 04:43:09][172] Processing: App\Mail\ResetYourPassword
[2022-04-13 04:43:09][172] Processed:  App\Mail\ResetYourPassword
[2022-04-14 10:49:57][173] Processing: App\Mail\ThankYouForPurchasing
[2022-04-14 10:49:57][173] Processed:  App\Mail\ThankYouForPurchasing
[2022-04-15 12:25:54][174] Processing: App\Mail\ResetYourPassword
[2022-04-15 12:25:55][174] Processed:  App\Mail\ResetYourPassword
[2022-04-16 00:29:15][175] Processing: App\Mail\ThankYouForPurchasing
[2022-04-16 00:29:15][175] Processed:  App\Mail\ThankYouForPurchasing
[2022-04-18 01:05:38][176] Processing: App\Mail\ThankYouForPurchasing
[2022-04-18 01:05:39][176] Processed:  App\Mail\ThankYouForPurchasing
[2022-04-20 10:03:46][177] Processing: App\Mail\ThankYouForPurchasing
[2022-04-20 10:03:47][177] Processed:  App\Mail\ThankYouForPurchasing
[2022-04-20 10:07:02][178] Processing: App\Mail\ResetYourPassword
[2022-04-20 10:07:03][178] Processed:  App\Mail\ResetYourPassword
[2022-04-21 21:29:38][179] Processing: App\Mail\ThankYouForPurchasing
[2022-04-21 21:29:39][179] Processed:  App\Mail\ThankYouForPurchasing
[2022-04-25 20:34:20][180] Processing: App\Mail\ThankYouForPurchasing
[2022-04-25 20:34:21][180] Processed:  App\Mail\ThankYouForPurchasing
[2022-04-30 18:30:48][181] Processing: App\Mail\ThankYouForPurchasing
[2022-04-30 18:30:49][181] Processed:  App\Mail\ThankYouForPurchasing
[2022-05-01 11:43:12][182] Processing: App\Mail\ThankYouForPurchasing
[2022-05-01 11:43:13][182] Processed:  App\Mail\ThankYouForPurchasing
[2022-05-02 08:53:25][183] Processing: App\Mail\ResetYourPassword
[2022-05-02 08:53:26][183] Processed:  App\Mail\ResetYourPassword
[2022-05-04 12:07:19][184] Processing: App\Mail\ThankYouForPurchasing
[2022-05-04 12:07:20][184] Processed:  App\Mail\ThankYouForPurchasing
[2022-05-09 11:56:53][185] Processing: App\Mail\ThankYouForPurchasing
[2022-05-09 11:56:53][185] Processed:  App\Mail\ThankYouForPurchasing
[2022-05-11 12:13:12][186] Processing: App\Mail\ThankYouForPurchasing
[2022-05-11 12:13:13][186] Processed:  App\Mail\ThankYouForPurchasing
[2022-05-12 09:14:59][187] Processing: App\Mail\ThankYouForPurchasing
[2022-05-12 09:15:00][187] Processed:  App\Mail\ThankYouForPurchasing
[2022-05-13 07:41:27][188] Processing: App\Mail\ThankYouForPurchasing
[2022-05-13 07:41:28][188] Processed:  App\Mail\ThankYouForPurchasing
[2022-05-17 01:19:49][189] Processing: App\Mail\ThankYouForPurchasing
[2022-05-17 01:19:50][189] Processed:  App\Mail\ThankYouForPurchasing
[2022-05-17 07:04:12][190] Processing: App\Mail\ThankYouForPurchasing
[2022-05-17 07:04:13][190] Processed:  App\Mail\ThankYouForPurchasing
[2022-05-17 14:29:27][191] Processing: App\Mail\ThankYouForPurchasing
[2022-05-17 14:29:28][191] Processed:  App\Mail\ThankYouForPurchasing
[2022-06-09 11:49:57][192] Processing: App\Mail\ThankYouForPurchasing
[2022-06-09 11:49:58][192] Processed:  App\Mail\ThankYouForPurchasing
[2022-06-19 20:15:15][193] Processing: App\Mail\ResetYourPassword
[2022-06-19 20:15:16][193] Processed:  App\Mail\ResetYourPassword
[2022-06-24 22:28:36][194] Processing: App\Mail\ThankYouForPurchasing
[2022-06-24 22:28:37][194] Processed:  App\Mail\ThankYouForPurchasing
[2022-06-28 14:43:55][195] Processing: App\Mail\ResetYourPassword
[2022-06-28 14:43:56][195] Processed:  App\Mail\ResetYourPassword
[2022-06-29 12:30:45][196] Processing: App\Mail\ThankYouForPurchasing
[2022-06-29 12:30:45][196] Processed:  App\Mail\ThankYouForPurchasing
[2022-07-05 18:35:47][197] Processing: App\Mail\ThankYouForPurchasing
[2022-07-05 18:35:48][197] Processed:  App\Mail\ThankYouForPurchasing
[2022-07-16 12:51:59][198] Processing: App\Mail\ThankYouForPurchasing
[2022-07-16 12:52:00][198] Processed:  App\Mail\ThankYouForPurchasing
[2022-07-19 21:45:10][199] Processing: App\Mail\ThankYouForPurchasing
[2022-07-19 21:45:11][199] Processed:  App\Mail\ThankYouForPurchasing
[2022-08-13 14:01:39][200] Processing: App\Mail\ResetYourPassword
[2022-08-13 14:01:40][200] Processed:  App\Mail\ResetYourPassword
[2022-08-19 08:40:45][201] Processing: App\Mail\ResetYourPassword
[2022-08-19 08:40:46][201] Processed:  App\Mail\ResetYourPassword
[2022-08-20 14:25:29][202] Processing: App\Mail\ThankYouForPurchasing
[2022-08-20 14:25:30][202] Processed:  App\Mail\ThankYouForPurchasing
[2022-08-23 01:33:45][203] Processing: App\Mail\ThankYouForSubscribing
[2022-08-23 01:33:46][203] Processed:  App\Mail\ThankYouForSubscribing
[2022-08-23 01:55:19][204] Processing: App\Mail\ResetYourPassword
[2022-08-23 01:55:20][204] Processed:  App\Mail\ResetYourPassword
[2022-08-23 13:56:32][205] Processing: App\Mail\ThankYouForSubscribing
[2022-08-23 13:56:33][205] Processed:  App\Mail\ThankYouForSubscribing
[2022-08-23 18:09:11][206] Processing: App\Mail\ThankYouForSubscribing
[2022-08-23 18:09:12][206] Processed:  App\Mail\ThankYouForSubscribing
[2022-08-25 01:08:45][207] Processing: App\Mail\ThankYouForSubscribing
[2022-08-25 01:08:46][207] Processed:  App\Mail\ThankYouForSubscribing
[2022-08-26 10:45:26][208] Processing: App\Mail\ThankYouForSubscribing
[2022-08-26 10:45:27][208] Processed:  App\Mail\ThankYouForSubscribing
[2022-08-27 08:47:51][209] Processing: App\Mail\ThankYouForSubscribing
[2022-08-27 08:47:52][209] Processed:  App\Mail\ThankYouForSubscribing
[2022-08-31 13:09:35][210] Processing: App\Mail\ThankYouForSubscribing
[2022-08-31 13:09:36][210] Processed:  App\Mail\ThankYouForSubscribing
[2022-09-07 16:47:17][211] Processing: App\Mail\ThankYouForSubscribing
[2022-09-07 16:47:17][211] Processed:  App\Mail\ThankYouForSubscribing
[2022-09-09 04:01:26][212] Processing: App\Mail\ThankYouForSubscribing
[2022-09-09 04:01:27][212] Processed:  App\Mail\ThankYouForSubscribing
[2022-09-11 05:35:55][213] Processing: App\Mail\ThankYouForSubscribing
[2022-09-11 05:35:56][213] Processed:  App\Mail\ThankYouForSubscribing
[2022-09-14 13:00:55][214] Processing: App\Mail\ThankYouForSubscribing
[2022-09-14 13:00:56][214] Processed:  App\Mail\ThankYouForSubscribing
[2022-09-14 14:34:59][215] Processing: App\Mail\ThankYouForSubscribing
[2022-09-14 14:35:00][215] Processed:  App\Mail\ThankYouForSubscribing
[2022-09-15 05:49:03][216] Processing: App\Mail\ThankYouForSubscribing
[2022-09-15 05:49:04][216] Processed:  App\Mail\ThankYouForSubscribing
[2022-09-15 06:41:16][217] Processing: App\Mail\ThankYouForSubscribing
[2022-09-15 06:41:17][217] Processed:  App\Mail\ThankYouForSubscribing
[2022-09-17 13:37:26][218] Processing: App\Mail\ThankYouForSubscribing
[2022-09-17 13:37:27][218] Processed:  App\Mail\ThankYouForSubscribing
[2022-09-20 16:38:10][219] Processing: App\Mail\ThankYouForSubscribing
[2022-09-20 16:38:11][219] Processed:  App\Mail\ThankYouForSubscribing
[2022-09-22 17:05:52][220] Processing: App\Mail\ThankYouForSubscribing
[2022-09-22 17:05:53][220] Processed:  App\Mail\ThankYouForSubscribing
[2022-09-22 20:59:33][221] Processing: App\Mail\ThankYouForSubscribing
[2022-09-22 20:59:34][221] Processed:  App\Mail\ThankYouForSubscribing
[2022-09-27 07:37:17][222] Processing: App\Mail\ThankYouForSubscribing
[2022-09-27 07:37:18][222] Processed:  App\Mail\ThankYouForSubscribing
[2022-09-27 18:02:20][223] Processing: App\Mail\ThankYouForSubscribing
[2022-09-27 18:02:21][223] Processed:  App\Mail\ThankYouForSubscribing
[2022-10-03 18:36:52][224] Processing: App\Mail\ThankYouForPurchasing
[2022-10-03 18:36:53][224] Processed:  App\Mail\ThankYouForPurchasing
[2022-10-10 09:15:27][225] Processing: App\Mail\ThankYouForSubscribing
[2022-10-10 09:15:27][225] Processed:  App\Mail\ThankYouForSubscribing
[2022-10-16 19:42:25][226] Processing: App\Mail\ThankYouForSubscribing
[2022-10-16 19:42:26][226] Processed:  App\Mail\ThankYouForSubscribing
[2022-10-19 07:47:36][227] Processing: App\Mail\ThankYouForSubscribing
[2022-10-19 07:47:36][227] Processed:  App\Mail\ThankYouForSubscribing
[2022-10-20 08:44:15][228] Processing: App\Mail\ThankYouForSubscribing
[2022-10-20 08:44:16][228] Processed:  App\Mail\ThankYouForSubscribing
[2022-10-21 01:44:33][229] Processing: App\Mail\ThankYouForSubscribing
[2022-10-21 01:44:34][229] Processed:  App\Mail\ThankYouForSubscribing
[2022-10-21 01:44:49][230] Processing: App\Mail\ThankYouForSubscribing
[2022-10-21 01:44:49][230] Processed:  App\Mail\ThankYouForSubscribing
[2022-10-21 20:29:59][231] Processing: App\Mail\ThankYouForSubscribing
[2022-10-21 20:30:00][231] Processed:  App\Mail\ThankYouForSubscribing
[2022-10-21 20:30:27][232] Processing: App\Mail\ThankYouForSubscribing
[2022-10-21 20:30:27][232] Processed:  App\Mail\ThankYouForSubscribing
[2022-10-22 09:41:32][233] Processing: App\Mail\ThankYouForSubscribing
[2022-10-22 09:41:33][233] Processed:  App\Mail\ThankYouForSubscribing
[2022-10-22 09:41:57][234] Processing: App\Mail\ThankYouForSubscribing
[2022-10-22 09:41:57][234] Processed:  App\Mail\ThankYouForSubscribing
[2022-10-22 23:34:25][235] Processing: App\Mail\ResetYourPassword
[2022-10-22 23:34:26][235] Processed:  App\Mail\ResetYourPassword
[2022-10-23 06:53:15][236] Processing: App\Mail\ThankYouForSubscribing
[2022-10-23 06:53:16][236] Processed:  App\Mail\ThankYouForSubscribing
[2022-10-26 20:14:01][237] Processing: App\Mail\ThankYouForSubscribing
[2022-10-26 20:14:02][237] Processed:  App\Mail\ThankYouForSubscribing
[2022-10-27 03:54:18][238] Processing: App\Mail\ThankYouForSubscribing
[2022-10-27 03:54:20][238] Processed:  App\Mail\ThankYouForSubscribing
[2022-10-30 15:28:08][239] Processing: App\Mail\ThankYouForSubscribing
[2022-10-30 15:28:09][239] Processed:  App\Mail\ThankYouForSubscribing
[2022-10-30 21:54:19][240] Processing: App\Mail\ThankYouForSubscribing
[2022-10-30 21:54:20][240] Processed:  App\Mail\ThankYouForSubscribing
[2022-11-02 17:34:57][241] Processing: App\Mail\ThankYouForSubscribing
[2022-11-02 17:34:58][241] Processed:  App\Mail\ThankYouForSubscribing
[2022-11-05 21:25:50][242] Processing: App\Mail\ThankYouForSubscribing
[2022-11-05 21:25:51][242] Processed:  App\Mail\ThankYouForSubscribing
[2022-11-08 20:39:51][243] Processing: App\Mail\ThankYouForSubscribing
[2022-11-08 20:39:52][243] Processed:  App\Mail\ThankYouForSubscribing
[2022-11-10 11:30:43][244] Processing: App\Mail\ThankYouForSubscribing
[2022-11-10 11:30:44][244] Processed:  App\Mail\ThankYouForSubscribing
[2022-11-11 03:20:05][245] Processing: App\Mail\ThankYouForSubscribing
[2022-11-11 03:20:06][245] Processed:  App\Mail\ThankYouForSubscribing
[2022-11-14 14:41:43][246] Processing: App\Mail\ThankYouForSubscribing
[2022-11-14 14:41:44][246] Processed:  App\Mail\ThankYouForSubscribing
[2022-11-15 09:53:28][247] Processing: App\Mail\ThankYouForSubscribing
[2022-11-15 09:53:29][247] Processed:  App\Mail\ThankYouForSubscribing
[2022-11-21 12:41:46][248] Processing: App\Mail\ThankYouForSubscribing
[2022-11-21 12:41:47][248] Processed:  App\Mail\ThankYouForSubscribing
[2022-11-22 20:21:23][249] Processing: App\Mail\ThankYouForSubscribing
[2022-11-22 20:21:24][249] Processed:  App\Mail\ThankYouForSubscribing
[2022-11-24 15:09:35][250] Processing: App\Mail\ThankYouForSubscribing
[2022-11-24 15:09:36][250] Processed:  App\Mail\ThankYouForSubscribing
[2022-11-25 09:30:00][251] Processing: App\Mail\ThankYouForSubscribing
[2022-11-25 09:30:01][251] Processed:  App\Mail\ThankYouForSubscribing
[2022-11-25 22:49:48][252] Processing: App\Mail\ThankYouForSubscribing
[2022-11-25 22:49:49][252] Processed:  App\Mail\ThankYouForSubscribing
[2022-11-28 16:15:49][253] Processing: App\Mail\ThankYouForSubscribing
[2022-11-28 16:15:50][253] Processed:  App\Mail\ThankYouForSubscribing
[2022-12-02 11:28:21][254] Processing: App\Mail\ThankYouForSubscribing
[2022-12-02 11:28:22][254] Processed:  App\Mail\ThankYouForSubscribing
[2022-12-04 10:54:13][255] Processing: App\Mail\ThankYouForSubscribing
[2022-12-04 10:54:14][255] Processed:  App\Mail\ThankYouForSubscribing
[2022-12-07 02:14:28][256] Processing: App\Mail\ResetYourPassword
[2022-12-07 02:14:29][256] Processed:  App\Mail\ResetYourPassword
[2022-12-07 04:51:21][257] Processing: App\Mail\ThankYouForSubscribing
[2022-12-07 04:51:22][257] Processed:  App\Mail\ThankYouForSubscribing
[2022-12-08 02:18:04][258] Processing: App\Mail\ThankYouForSubscribing
[2022-12-08 02:18:05][258] Processed:  App\Mail\ThankYouForSubscribing
[2022-12-08 10:38:58][259] Processing: App\Mail\ThankYouForSubscribing
[2022-12-08 10:38:59][259] Processed:  App\Mail\ThankYouForSubscribing
[2022-12-08 12:26:26][260] Processing: App\Mail\ThankYouForSubscribing
[2022-12-08 12:26:27][260] Processed:  App\Mail\ThankYouForSubscribing
[2022-12-12 14:28:13][261] Processing: App\Mail\ThankYouForSubscribing
[2022-12-12 14:28:14][261] Processed:  App\Mail\ThankYouForSubscribing
[2022-12-14 01:20:32][262] Processing: App\Mail\ThankYouForSubscribing
[2022-12-14 01:20:32][262] Processed:  App\Mail\ThankYouForSubscribing
[2022-12-15 16:55:00][263] Processing: App\Mail\ThankYouForSubscribing
[2022-12-15 16:55:01][263] Processed:  App\Mail\ThankYouForSubscribing
[2022-12-19 09:12:05][264] Processing: App\Mail\ThankYouForSubscribing
[2022-12-19 09:12:06][264] Processed:  App\Mail\ThankYouForSubscribing
[2022-12-19 15:07:27][265] Processing: App\Mail\ResetYourPassword
[2022-12-19 15:07:28][265] Processed:  App\Mail\ResetYourPassword
[2022-12-20 11:58:14][266] Processing: App\Mail\ThankYouForSubscribing
[2022-12-20 11:58:15][266] Processed:  App\Mail\ThankYouForSubscribing
[2022-12-26 10:00:50][267] Processing: App\Mail\ResetYourPassword
[2022-12-26 10:00:51][267] Processed:  App\Mail\ResetYourPassword
[2022-12-30 13:41:34][268] Processing: App\Mail\ThankYouForSubscribing
[2022-12-30 13:41:35][268] Processed:  App\Mail\ThankYouForSubscribing
[2023-01-03 19:44:17][269] Processing: App\Mail\ThankYouForSubscribing
[2023-01-03 19:44:17][269] Processed:  App\Mail\ThankYouForSubscribing
[2023-01-04 20:44:42][270] Processing: App\Mail\ThankYouForSubscribing
[2023-01-04 20:44:43][270] Processed:  App\Mail\ThankYouForSubscribing
[2023-01-07 23:34:38][271] Processing: App\Mail\ThankYouForSubscribing
[2023-01-07 23:34:39][271] Processed:  App\Mail\ThankYouForSubscribing
[2023-01-09 06:04:54][272] Processing: App\Mail\ThankYouForSubscribing
[2023-01-09 06:04:55][272] Processed:  App\Mail\ThankYouForSubscribing
[2023-01-15 17:25:44][273] Processing: App\Mail\ThankYouForSubscribing
[2023-01-15 17:25:45][273] Processed:  App\Mail\ThankYouForSubscribing
[2023-01-16 21:47:52][274] Processing: App\Mail\ThankYouForSubscribing
[2023-01-16 21:47:53][274] Processed:  App\Mail\ThankYouForSubscribing
[2023-01-18 16:04:28][275] Processing: App\Mail\ThankYouForSubscribing
[2023-01-18 16:04:29][275] Processed:  App\Mail\ThankYouForSubscribing
[2023-01-20 00:05:11][276] Processing: App\Mail\ThankYouForSubscribing
[2023-01-20 00:05:12][276] Processed:  App\Mail\ThankYouForSubscribing
[2023-01-20 03:31:35][277] Processing: App\Mail\ThankYouForSubscribing
[2023-01-20 03:31:36][277] Processed:  App\Mail\ThankYouForSubscribing
[2023-01-20 09:31:00][278] Processing: App\Mail\ThankYouForSubscribing
[2023-01-20 09:31:01][278] Processed:  App\Mail\ThankYouForSubscribing
[2023-01-20 15:26:20][279] Processing: App\Mail\ThankYouForSubscribing
[2023-01-20 15:26:20][279] Processed:  App\Mail\ThankYouForSubscribing
[2023-01-20 18:51:39][280] Processing: App\Mail\ThankYouForSubscribing
[2023-01-20 18:51:40][280] Processed:  App\Mail\ThankYouForSubscribing
[2023-01-25 18:11:56][281] Processing: App\Mail\ThankYouForSubscribing
[2023-01-25 18:11:57][281] Processed:  App\Mail\ThankYouForSubscribing
[2023-01-31 08:43:50][282] Processing: App\Mail\ThankYouForSubscribing
[2023-01-31 08:43:51][282] Processed:  App\Mail\ThankYouForSubscribing
[2023-02-04 20:22:34][283] Processing: App\Mail\ResetYourPassword
[2023-02-04 20:22:35][283] Processed:  App\Mail\ResetYourPassword
[2023-02-06 11:03:34][284] Processing: App\Mail\ThankYouForSubscribing
[2023-02-06 11:03:35][284] Processed:  App\Mail\ThankYouForSubscribing
[2023-02-07 06:59:02][285] Processing: App\Mail\ThankYouForSubscribing
[2023-02-07 06:59:03][285] Processed:  App\Mail\ThankYouForSubscribing
[2023-02-10 17:26:49][286] Processing: App\Mail\ThankYouForSubscribing
[2023-02-10 17:26:50][286] Processed:  App\Mail\ThankYouForSubscribing
[2023-02-11 09:11:14][287] Processing: App\Mail\ThankYouForSubscribing
[2023-02-11 09:11:15][287] Processed:  App\Mail\ThankYouForSubscribing
[2023-02-13 01:29:27][288] Processing: App\Mail\ThankYouForSubscribing
[2023-02-13 01:29:28][288] Processed:  App\Mail\ThankYouForSubscribing
[2023-02-17 10:40:01][289] Processing: App\Mail\ThankYouForSubscribing
[2023-02-17 10:40:02][289] Processed:  App\Mail\ThankYouForSubscribing
[2023-02-23 16:30:31][290] Processing: App\Mail\ThankYouForSubscribing
[2023-02-23 16:30:32][290] Processed:  App\Mail\ThankYouForSubscribing
[2023-02-26 11:45:02][291] Processing: App\Mail\ThankYouForSubscribing
[2023-02-26 11:45:03][291] Processed:  App\Mail\ThankYouForSubscribing
[2023-02-26 11:53:54][292] Processing: App\Mail\ThankYouForSubscribing
[2023-02-26 11:53:55][292] Processed:  App\Mail\ThankYouForSubscribing
[2023-02-26 14:41:40][293] Processing: App\Mail\ThankYouForSubscribing
[2023-02-26 14:41:41][293] Processed:  App\Mail\ThankYouForSubscribing
[2023-02-27 13:46:49][294] Processing: App\Mail\ThankYouForSubscribing
[2023-02-27 13:46:50][294] Processed:  App\Mail\ThankYouForSubscribing
[2023-02-27 21:33:42][295] Processing: App\Mail\ThankYouForSubscribing
[2023-02-27 21:33:42][295] Processed:  App\Mail\ThankYouForSubscribing
[2023-03-01 16:05:09][296] Processing: App\Mail\ThankYouForSubscribing
[2023-03-01 16:05:10][296] Processed:  App\Mail\ThankYouForSubscribing
[2023-03-03 17:57:43][297] Processing: App\Mail\ThankYouForSubscribing
[2023-03-03 17:57:44][297] Processed:  App\Mail\ThankYouForSubscribing
[2023-03-05 11:31:00][298] Processing: App\Mail\ThankYouForSubscribing
[2023-03-05 11:31:01][298] Processed:  App\Mail\ThankYouForSubscribing
[2023-03-09 15:19:51][299] Processing: App\Mail\ThankYouForSubscribing
[2023-03-09 15:19:52][299] Processed:  App\Mail\ThankYouForSubscribing
[2023-03-11 20:24:14][300] Processing: App\Mail\ThankYouForSubscribing
[2023-03-11 20:24:15][300] Processed:  App\Mail\ThankYouForSubscribing
[2023-03-13 05:09:47][301] Processing: App\Mail\ThankYouForSubscribing
[2023-03-13 05:09:48][301] Processed:  App\Mail\ThankYouForSubscribing
[2023-03-13 16:36:07][302] Processing: App\Mail\ThankYouForSubscribing
[2023-03-13 16:36:08][302] Processed:  App\Mail\ThankYouForSubscribing
[2023-03-13 18:07:23][303] Processing: App\Mail\ThankYouForSubscribing
[2023-03-13 18:07:24][303] Processed:  App\Mail\ThankYouForSubscribing
[2023-03-14 22:08:10][304] Processing: App\Mail\ThankYouForSubscribing
[2023-03-14 22:08:11][304] Processed:  App\Mail\ThankYouForSubscribing
